{"total": {"lines":{"total":83,"covered":71,"skipped":0,"pct":85.54},"statements":{"total":98,"covered":85,"skipped":0,"pct":86.73},"functions":{"total":27,"covered":22,"skipped":0,"pct":81.48},"branches":{"total":119,"covered":82,"skipped":0,"pct":68.9},"branchesTrue":{"total":0,"covered":0,"skipped":0,"pct":100}}
,"/home/theo/lean-ai-dashboard/src/app/error.tsx": {"lines":{"total":1,"covered":1,"skipped":0,"pct":100},"functions":{"total":1,"covered":1,"skipped":0,"pct":100},"statements":{"total":1,"covered":1,"skipped":0,"pct":100},"branches":{"total":2,"covered":2,"skipped":0,"pct":100}}
,"/home/theo/lean-ai-dashboard/src/app/loading.tsx": {"lines":{"total":1,"covered":1,"skipped":0,"pct":100},"functions":{"total":1,"covered":1,"skipped":0,"pct":100},"statements":{"total":1,"covered":1,"skipped":0,"pct":100},"branches":{"total":0,"covered":0,"skipped":0,"pct":100}}
,"/home/theo/lean-ai-dashboard/src/components/ClientErrorBoundary.tsx": {"lines":{"total":1,"covered":0,"skipped":0,"pct":0},"functions":{"total":1,"covered":0,"skipped":0,"pct":0},"statements":{"total":1,"covered":0,"skipped":0,"pct":0},"branches":{"total":0,"covered":0,"skipped":0,"pct":100}}
,"/home/theo/lean-ai-dashboard/src/components/CompanyTable.tsx": {"lines":{"total":18,"covered":16,"skipped":0,"pct":88.88},"functions":{"total":9,"covered":9,"skipped":0,"pct":100},"statements":{"total":19,"covered":17,"skipped":0,"pct":89.47},"branches":{"total":19,"covered":17,"skipped":0,"pct":89.47}}
,"/home/theo/lean-ai-dashboard/src/components/ErrorBoundary.tsx": {"lines":{"total":7,"covered":6,"skipped":0,"pct":85.71},"functions":{"total":4,"covered":3,"skipped":0,"pct":75},"statements":{"total":7,"covered":6,"skipped":0,"pct":85.71},"branches":{"total":4,"covered":4,"skipped":0,"pct":100}}
,"/home/theo/lean-ai-dashboard/src/lib/data.ts": {"lines":{"total":53,"covered":45,"skipped":0,"pct":84.9},"functions":{"total":10,"covered":7,"skipped":0,"pct":70},"statements":{"total":67,"covered":58,"skipped":0,"pct":86.56},"branches":{"total":91,"covered":56,"skipped":0,"pct":61.53}}
,"/home/theo/lean-ai-dashboard/src/lib/i18n.ts": {"lines":{"total":2,"covered":2,"skipped":0,"pct":100},"functions":{"total":1,"covered":1,"skipped":0,"pct":100},"statements":{"total":2,"covered":2,"skipped":0,"pct":100},"branches":{"total":3,"covered":3,"skipped":0,"pct":100}}
}
